750
276
52 53
209
145
958 960
840 841
893
208
452 454
614
134 137
936
826
884 885
6 8
647
334
197
887
398 399
433
910 911
488
415 417
898 901
31 32
954
891 892
210
507
976
819
294
497
476 478
917
467
173 175
523 524
96 97
153 155
428 432
993 995
74
776
790
597
726 731
81
29
933
374
196
902 903
701 703
519
429
679
411
649
882 883
791
212
623
768
90
474 475
136
602
378
98
645
549
687
436
962
358
730
844
766
448
764
140
352
235
217
732
113
394 395
865
343 344
368 371
114 115
289 290
125
76 79
978
323
305
690
440
616
939
10 12
126 128
707
733
293
609 612
367
362
586 587
735 737
854
77
770 773
268
575
193
325
554
762 763
533
695 696
306 307
13
932 934
570
793 794
297 304
990 991
118 119
149
708
650
22
251
904 909
718
444 445
864
27 30
389
942
655
669
581 582
412
255
900
20 26
761
466 469
822
722
565
678
154
163 165
895
265
983
317
23
42
223 224
225
226 227
89
313
937 940
606
642
825 828
765 769
635 636
855
285 288
869
772
799
966
938
184
24
531
880
246 248
345 350
657 659
442
629
922
35
272
404
456
857 858
174
538
332
741
303
574
912 915
357
266 269
434 437
377
802
463
982 984
967 968
684 685
673 674
164
267
675 676
890
875
315
483
284
780
28
925
121
236 237
889
78
479
139
706
816 817
589 590
848
359 363
851
166
100
179
144 146
823
270 271
863
611
859
812
283
148
807
372 373
342
613
682
84 85
994
662 664
644
601 603
409 410
568 571
462
316
490 492
314
407 408
660 661
961 965
945 946
438 443
300
914
361
656
298
839
46 47
714 715
159
188 190
0 2
460
106
213
720 721
309
447 449
546
211
1
710 711
464 465
151 152
360
641
354
738
639
291 295
628 630
183 185
446
258
390 392
577 578
849
200 204
778
877
501 503
989
702
512 513
48
935
430
537 542
310 318
759 760
521 522
86 88
245
631 632
964
247
326
771
820
743
36 37
626
871 872
742
569
532
588
369
33
753 758
572 573
256 257
457
439
923
681 683
596
905
948
348
107
75
691
621
866 868
254
591
836
105 108
57 58
261
292
680
651 653
595 598
557
509
60
594
181
638
19
43
929 930
312
775
627
723
397
800 801
198 199
5
39
282
110
375 376
640
9
618 619
477
520
906
83
499
548 552
62
459 461
837 838
545 547
624 625
4
239
576
302
241
286
505
123 124
131 133
391
87
705 709
782 783
142
975
263 264
652
951
364
233
396
324 327
663
592
860
381
379
41
220
168 169
508
821
387
11
579 580
971
748
926
386 388
281
924
754
15 18
441
122
955
71 72
987
132
112
16
423
795 796
514
699 700
170
830
842
665 666
654
135
330 331
637 643
34
274
751 752
470 471
299
668 670
997
688
908
584
232
867
156 157
540
14
728
176
774 781
767
240
102 104
17
287
756
171 172
719
692
425
308
950
599 600
400
339 341
259 262
50
747
493
808 810
843
243 244
693
214 215
811
788 789
944
786
907
567
972
704
494 495
94 95
605
335 336
346
985 988
515
894 897
80 82
279
301
746
421
787
803
861 862
973 974
713
491
947 949
219
222
850
593
853 856
694
111
633 634
64 65
230
607 608
500
109
543 544
416
886
194
777
648
805 806
809
604
959
516
553 558
550
63
158 160
70
191 195
797 798
977 979
969
3
560
349
725
727
54 55
879 881
941 943
468
45
403 405
337 338
846 847
561
724
620 622
380
852
870
177
178
510 511
677
435
952 953
815
431
610
25
792
393
829
873 876
504
167
931
813 814
103
49 51
275
485
559
555
406
203
734
238 242
206 207
216
56
66 67
517 518
998
231 234
455 458
351
481 482
784
831
138 143
986
40 44
38
333
353 355
413 414
401 402
755
59 61
667
827
249 250
21
451
370
120
189
658
347
779
736
980 981
506
161 162
697 698
832 833
615 617
296
562 563
91 93
127
73
502
218 221
484 487
834 835
745
927 928
539
116 117
92
888
129 130
874
672
740 744
329
192
320
472
480
646
564 566
252 253
68 69
921
340
534 535
671
277
896
551
956 957
556
365 366
321 322
453
716 717
899
739
382 383
273 280
729
426 427
818 824
757
845
536
420
489
785
229
804
201
228
356
418 419
525 527
202
180 182
328
878
583 585
919 920
187
526
963
7
712
749 750
278
311
913
992
686 689
450
186
141
422 424
530
496 498
147 150
916 918
99 101
996 999
260
319
528 529
486
205
541
970
384 385
473
