750
258
167
209
973 974
572 573
840 841
265
94 95
285 288
66 67
134 137
822
261
884 885
6 8
306 307
701 703
197
887
398 399
481 482
123 124
927 928
688
229
536
954
540
220
507
583 585
87
223 224
998
493
379
406
210
477
330 331
153 155
753 758
738
211
243 244
314
452 454
726 731
81
29
616
859
301
71 72
754
298
844
412
411
96 97
170
746
589 590
438 443
19
390 392
832 833
272
321 322
845
312
177
549
84 85
369
545 547
358
315
418 419
274
68 69
136
528 529
292
650
217
187
550
836
756
343 344
368 371
894 897
222
514
76 79
305
323
855
537 542
310 318
562 563
939
10 12
126 128
718
647
254
421
116 117
767
586 587
662 664
722
854
233
404
839
158 160
812
990 991
762 763
533
651 653
416
596
489
910 911
110
293
149
925
561
118 119
644
907
103
827
56
906
270 271
448
389
447 449
372 373
669
581 582
987
102 104
111
20 26
742
951
570
656
73
931
154
163 165
367
141
646
35
382 383
804
276
364
226 227
499
294
908
391
564 566
825 828
986
473
490 492
924
459 461
284
334
853 856
135
870
687
593
970
829
345 350
657 659
329
629
479
42
451
745
707
857 858
484 487
442
332
140
904 909
667
969
436
337 338
15 18
613
727
463
501 503
584
684 685
649
730
352
675 676
890
899
654
483
888
1
28
174
704
120
889
283
799
139
673 674
966
349
131 133
359 363
409 410
577 578
848
531
232
510 511
266 269
863
255
247
751 752
705 709
905
919 920
639
351
486
682
180 182
374
633 634
34
843
851
818 824
193
205
289 290
768
407 408
912 915
251
945 946
690
300
914
488
317
759 760
620 622
779
213
534 535
188 190
462
340
107
519
720 721
871 872
506
176
594
268
521 522
347
14
342
993 995
354
802
428 432
628 630
38
183 185
423
277
99 101
743
370
200 204
714 715
246 248
611
348
702
875
48
935
877
532
201
724
591
512 513
296
631 632
45
793 794
80 82
771
151 152
31 32
893
626
64 65
609 612
320
668 670
52 53
396
800 801
114 115
303
256 257
457
439
923
325
297 304
394 395
826
267
772
75
691
830
837 838
607 608
192
148
105 108
947 949
299
525 527
680
642
902 903
557
509
648
797 798
181
168 169
129 130
950
747
880
4
627
723
27 30
937 940
638
441
39
282
692
672
184
9
618 619
476 478
166
605
433
89
446
62
0 2
576
311
624 625
17
734
505
302
241
425
49 51
917
230
606
13
795 796
328
142
975
948
236 237
263 264
681 683
214 215
944
324 327
663
316
621
381
100
74
819
866 868
860
821
921
11
579 580
57 58
430
926
386 388
286
500
956 957
468
5
434 437
955
219
764
132
112
16
869
977 979
735 737
695 696
497
387
144 146
665 666
610
765 769
384 385
637 643
809
380
360
470 471
178
588
997
415 417
444 445
755
874
725
156 157
882 883
932 934
728
732
565
453
240
938
846 847
287
326
440
719
189
90
397
623
658
548 552
339 341
259 262
50
842
377
774 781
595 598
485
693
420
886
788 789
567
23
849
964
972
556
494 495
706
740 744
597
33
164
515
196
538
279
569
710 711
761
787
803
245
739
782 783
541
555
592
520
530
574
807
982 984
474 475
568 571
203
546
757
958 960
109
125
228
281
7
963
60
239
713
604
113
516
553 558
786
467
456
70
275
313
401 402
660 661
216
560
466 469
867
575
733
879 881
941 943
655
891 892
403 405
820
864
865
335 336
450
878
852
208
645
460
823
677
435
615 617
815
431
526
212
792
362
790
976
504
375 376
985 988
770 773
491
694
191 195
346
679
699 700
776
173 175
198 199
238 242
206 207
361
778
791
429
333
231 234
455 458
873 876
464 465
40 44
831
559
775
22
748
614
353 355
413 414
959
122
59 61
43
83
249 250
36 37
922
21
308
983
652
640
46 47
736
554
517 518
551
697 698
54 55
378
989
933
91 93
309
235
502
218 221
708
834 835
686 689
496 498
766
24
92
978
291 295
171 172
63
393
962
106
41
77
480
896
996 999
278
895
816 817
98
159
671
252 253
900
357
86 88
472
365 366
780
850
716 717
78
811
121
273 280
729
426 427
952 953
741
971
225
138 143
861 862
785
898 901
784
3
992
356
641
599 600
202
980 981
678
936
635 636
813 814
808 810
179
777
194
712
749 750
161 162
805 806
913
601 603
523 524
942
186
127
422 424
543 544
929 930
147 150
916 918
994
145
260
319
539
508
967 968
961 965
400
25
602
