750
324 289
587 471
578 995
568 51
564 619
97 543
445 118
398 721
253 837
104 27
558 262
449 204
180 263
985 470
403 553
980 469
999 15
945 372
190 341
916 847
902 392
892 183
798 169
53 162
54 744
363 114
783 521
523 894
207 108
750 511
418 795
749 20
221 339
699 409
696 661
603 796
427 797
152 861
306 615
79 344
512 581
496 94
84 408
600 8
598 91
322 814
191 88
634 242
291 249
295 256
635 475
395 982
117 686
399 522
310 960
659 670
673 665
683 438
685 929
700 481
752 447
762 458
782 513
788 386
237 461
883 885
417 401
419 402
884 10
898 873
901 26
904 31
909 817
940 44
64 856
941 846
946 620
968 840
68 617
69 67
974 813
979 101
264 105
466 150
476 153
618 155
86 413
527 195
542 415
548 751
175 524
552 740
586 200
185 735
589 714
0 993
269 243
717 991
773 444
246 800
343 494
660 881
337 932
698 327
257 455
868 544
910 318
335 674
608 424
637 133
37 137
607 138
636 383
633 770
158 410
632 765
161 832
828 956
631 52
57 307
58 304
630 537
498 394
731 72
66 270
824 977
484 858
384 376
206 912
897 49
82 454
85 726
928 452
961 231
666 236
806 716
214 988
215 482
487 808
510 368
248 99
793 422
981 703
535 701
119 130
668 583
432 572
224 984
131 571
676 490
781 562
720 443
2 414
359 407
882 388
871 371
580 345
599 953
331 330
46 321
710 947
55 297
59 285
71 259
709 188
601 937
816 182
759 157
464 156
789 147
577 144
390 134
218 129
116 915
223 115
628 93
280 80
366 40
529 32
128 891
911 30
918 12
919 872
927 862
428 853
934 841
545 835
143 833
385 825
271 801
990 794
758 760
590 525
753 705
198 697
226 675
234 662
715 518
711 653
250 643
563 625
266 612
582 903
288 573
684 689
495 373
338 146
657 973
585 244
353 695
238 474
651 365
876 6
579 355
375 952
36 737
517 350
47 943
838 547
834 151
61 763
65 609
818 879
76 664
810 920
95 252
96 18
102 336
123 866
501 459
996 857
126 227
465 426
774 534
478 805
769 622
930 624
160 124
163 405
503 528
949 681
957 566
958 290
168 165
965 173
967 199
171 434
492 273
172 382
595 437
1
3
4
5
7
9
11
13
14
16
17
19
21
22
23
24
25
28
29
33
34
35
38
39
41
42
43
45
48
50
56
60
62
63
70
73
74
75
77
78
81
83
87
89
90
92
98
100
103
106
107
109
110
111
112
113
120
121
122
125
127
132
135
136
139
140
141
142
145
148
149
154
159
164
166
167
170
174
176
177
178
179
181
184
186
187
189
192
193
194
196
197
201
202
203
205
208
209
210
211
212
213
216
217
219
220
222
225
228
229
230
232
233
235
239
240
241
245
247
251
254
255
258
260
261
265
267
268
272
274
275
276
277
278
279
281
282
283
284
286
287
292
293
294
296
298
299
300
301
302
303
305
308
309
311
312
313
314
315
316
317
319
320
323
325
326
328
329
332
333
334
340
342
346
347
348
349
351
352
354
356
357
358
360
361
362
364
367
369
370
374
377
378
379
380
381
387
389
391
393
396
397
400
404
406
411
412
416
420
421
423
425
429
430
431
433
435
436
439
440
441
442
446
448
450
451
453
456
457
460
462
463
467
468
472
473
477
479
480
483
485
486
488
489
491
493
497
499
500
502
504
505
506
507
508
509
514
515
516
519
520
526
530
531
532
533
536
538
539
540
541
546
549
550
551
554
555
556
557
559
560
561
565
567
569
570
574
575
576
584
588
591
592
593
594
596
597
602
604
605
606
610
611
613
614
616
621
623
626
627
629
638
639
640
641
642
644
645
646
647
648
649
650
652
654
655
656
658
663
667
669
671
672
677
678
679
680
682
687
688
690
691
692
693
694
702
704
706
707
708
712
713
718
719
722
723
724
725
727
728
729
730
732
733
734
736
738
739
741
742
743
745
746
747
748
754
755
756
757
761
764
766
767
768
771
772
775
776
777
778
779
780
784
785
786
787
790
791
792
799
802
803
804
807
809
811
812
815
819
820
821
822
823
826
827
829
830
831
836
839
842
843
844
845
848
849
850
851
852
854
855
859
860
863
864
865
867
869
870
874
875
877
878
880
886
887
888
889
890
893
895
896
899
900
905
906
907
908
913
914
917
921
922
923
924
925
926
931
933
935
936
938
939
942
944
948
950
951
954
955
959
962
963
964
966
969
970
971
972
975
976
978
983
986
987
989
992
994
997
998
