750
961 231
587 471
743
473
508
892 183
127
398 721
945 372
222
514
883 885
633 770
985 470
396
980 469
224 984
484 858
131 571
281
755
217
798 169
257 455
54 744
431
860
523 894
34
750 511
25
663
427 797
299
696 661
558 262
603 796
527 195
310 960
875
512 581
496 94
9
582 903
868 544
819
191 88
921
65 609
272
42
827
300
754
298
11
880
951
76 664
205
756
423
782 513
788 386
266 612
623
29
103
294
291 249
931
824 977
530
878
75
491
893
747
68 617
492 273
636 383
296
166
942
377
592
611
922
542 415
96 18
933
830
586 200
185 735
909 817
895
269 243
81
914
818 879
497
660 881
816 182
239
445 118
648
509
194
608 424
595 437
637 133
579 355
815
311
752 447
632 765
218 129
950
361
709 188
432 572
167
326
502
828 956
707
319
384 376
206 912
246 800
84 408
85 726
725
584
666 236
786
324 289
428 853
3
301
501 459
274
989
831
477
225
212
170
639
87
466 150
220
745
768
676 490
128 891
930 624
599 953
369
390 134
467
387
17
71 259
66 270
457
203
627
849
323
555
22
533
116 915
684 689
839
529 32
791
483
60
911 30
918 12
559
927 862
250 643
779
545 835
233
358
308
925
223 115
487 808
280 80
198 697
606
287
322 814
936
215 482
899
197
887
288 573
264 105
363 114
690
389
440
404
238 474
498 394
962
934 841
1
4
62
718
276
186
485
172 382
520
700 481
416
548 751
340
107
463
717 991
843
45
990 794
126 227
478 805
59 285
120
638
526
731 72
125
385 825
564 619
69 67
585 244
450
851
806 716
77
870
733
667
229
5
939
941 846
576
317
691
338 146
168 165
179
596
567
23
211
905
598 91
417 401
143 833
557
35
741
39
546
181
43
811
668 583
876 6
95 252
966
652
55 297
896
48
688
92
258
656
213
621
678
241
353 695
739
98
100
419 402
141
790
480
764
111
112
216
495 373
121
375 952
949 681
935
759 157
357
351
139
928 452
742
916 847
829
704
970
154
535 701
175 524
113
13
672
349
983
898 873
136
334
601 937
50
938
910 318
418 795
192
28
214 988
196
158 410
201
202
337 932
374
655
996 857
89
486
803
698 327
399 522
97 543
946 620
753 705
119 130
723
329
83
774 534
957 566
628 93
57 307
986
539
210
245
680
540
254
277
551
260
767
965 173
403 553
550
631 52
152 861
515
850
708
145
279
456
79 344
283
284
366 40
749 20
53 162
699 409
320
913
359 407
902 392
465 426
510 368
838 547
303
180 263
682
842
73
331 330
313
472
778
286
381
848
640
647
561
602
650
306 615
732
90
397
738
630 537
451
193
773 444
237 461
309
536
354
356
305
775
360
342
362
364
826
493
613
476 153
886
328
867
792
552 740
577 144
720 443
391
393
859
772
36 737
343 494
570
468
160 124
395 982
869
16
971
314
429
64 856
890
433
70
785
761
352
441
442
78
871 371
685 929
802
453
799
904 31
852
834 151
178
727
316
575
378
230
479
449 204
884 10
261
924
736
730
159
370
710 947
499
46 321
140
164
626
975
810 920
563 625
104 27
235
47 943
516
268
82 454
644
325
379
836
58 304
863
538
335 674
332
651 365
809
711 653
251
967 199
554
683 438
531
207 108
969
560
462
149
758 760
519
232
163 405
234 662
607 138
117 686
658
780
110
593
56
102 336
221 339
855
713
604
659 670
822
507
430
642
616
804
293
489
926
783 521
748
400
0 993
807
574
641
645
208
693
679
724
189
436
594
919 872
793 422
979 101
265
255
247
671
776
677
228
448
771
777
687
74
411
148
692
282
187
702
888
706
253 837
61 763
845
712
769 622
610
722
978
649
734
618 155
728
2 414
41
605
964
86 413
488
38
597
864
820
109
729
746
992
142
787
569
171 434
348
439
63
505
302
367
588
517 350
629
7
963
174
994
122
784
21
968 840
406
106
14
757
600 8
715 518
889
315
673 665
500
906
812
503 528
657 973
897 49
948
844
823
425
267
580 345
333
976
589 714
821
37 137
412
549
654
275
972
591
161 832
504
854
694
380
24
248 99
789 147
865
669
874
460
646
766
974 813
940 44
590 525
882 388
532
346
954
578 995
219
278
435
420
240
999 15
347
907
908
271 801
312
917
634 242
209
923
556
190 341
635 475
901 26
762 458
123 866
955
565
33
135
944
719
877
176
568 51
781 562
959
421
464 156
184
541
226 675
295 256
614
132
506
19
446
177
292
987
981 703
900
958 290
997
998
